2023-11-29 15:04:42 INFO  LoginJDialog:383 - user1vừa đăng nhập vào hệ thống
2023-11-29 15:22:14 INFO  LoginJDialog:383 - user1vừa đăng nhập vào hệ thống
2023-11-29 15:29:43 INFO  LoginJDialog:391 - user1 vừa đăng nhập vào hệ thống
2023-11-29 15:32:59 INFO  LoginJDialog:393 - user1 vừa đăng nhập vào hệ thống
2023-11-29 15:36:26 INFO  LoginJDialog:393 - user1 vừa đăng nhập vào hệ thống
2023-11-29 15:44:47 INFO  LoginJDialog:401 - user1 vừa đăng nhập vào hệ thống
2023-11-29 15:52:19 INFO  LoginJDialog:401 - user1 vừa đăng nhập vào hệ thống
2023-11-29 15:53:19 INFO  LoginJDialog:401 - user1 vừa đăng nhập vào hệ thống
2023-11-29 15:54:29 INFO  LoginJDialog:401 - user1 vừa đăng nhập vào hệ thống
2023-11-29 15:57:29 INFO  LoginJDialog:401 - user1 vừa đăng nhập vào hệ thống
2023-11-29 15:58:08 INFO  LoginJDialog:401 - user1 vừa đăng nhập vào hệ thống
2023-11-29 15:59:31 INFO  LoginJDialog:401 - user1 vừa đăng nhập vào hệ thống
2023-11-29 16:06:38 INFO  LoginJDialog:401 - user1 vừa đăng nhập vào hệ thống
2023-11-29 16:08:53 INFO  LoginJDialog:401 - user2 vừa đăng nhập vào hệ thống
2023-11-29 16:12:20 INFO  LoginJDialog:401 - user2 vừa đăng nhập vào hệ thống
2023-11-29 16:13:14 INFO  LoginJDialog:401 - user1 vừa đăng nhập vào hệ thống
2023-11-29 16:13:37 INFO  LoginJDialog:401 - user2 vừa đăng nhập vào hệ thống
2023-11-29 16:16:14 INFO  LoginJDialog:401 - user2 vừa đăng nhập vào hệ thống
2023-11-29 18:55:11 INFO  LoginFrame:375 - user2vừa đăng nhập vào hệ thống
2023-11-29 18:55:47 INFO  LoginFrame:375 - user2vừa đăng nhập vào hệ thống
2023-11-29 18:56:20 INFO  LoginFrame:375 - user1vừa đăng nhập vào hệ thống
2023-11-29 19:28:59 INFO  LoginFrame:375 - user1vừa đăng nhập vào hệ thống
2023-11-29 20:10:28 INFO  LoginFrame:375 - taikhoan3vừa đăng nhập vào hệ thống
2023-11-29 20:28:17 INFO  LoginFrame:375 - taikhoan1vừa đăng nhập vào hệ thống
2023-11-29 20:32:28 INFO  LoginFrame:375 - taikhoan3vừa đăng nhập vào hệ thống
2023-11-29 20:38:20 INFO  LoginFrame:375 - taikhoan3vừa đăng nhập vào hệ thống
2023-11-29 20:39:36 INFO  LoginFrame:375 - taikhoan3vừa đăng nhập vào hệ thống
2023-11-29 20:39:57 INFO  LoginFrame:375 - taikhoan3vừa đăng nhập vào hệ thống
2023-11-29 20:53:03 INFO  LoginFrame:375 - taikhoan3vừa đăng nhập vào hệ thống
2023-11-29 21:10:59 INFO  LoginFrame:375 - taikhoan3vừa đăng nhập vào hệ thống
2023-11-29 21:14:30 INFO  LoginFrame:375 - taikhoan3vừa đăng nhập vào hệ thống
2023-11-29 21:21:43 INFO  LoginFrame:375 - taikhoan3vừa đăng nhập vào hệ thống
2023-11-29 21:22:29 INFO  LoginFrame:375 - taikhoan3vừa đăng nhập vào hệ thống
2023-11-29 21:27:47 INFO  LoginFrame:375 - taikhoan3vừa đăng nhập vào hệ thống
2023-11-29 21:36:44 INFO  LoginFrame:375 - taikhoan3vừa đăng nhập vào hệ thống
2023-11-29 21:39:53 INFO  LoginFrame:375 - taikhoan3vừa đăng nhập vào hệ thống
2023-12-01 10:17:15 INFO  LoginFrame:375 - taikhoan1vừa đăng nhập vào hệ thống
2023-12-01 10:23:35 INFO  LoginFrame:376 - nguyentinhvừa đăng nhập vào hệ thống
2023-12-01 10:25:21 INFO  LoginFrame:376 - thanhbutvừa đăng nhập vào hệ thống
2023-12-01 10:38:21 INFO  LoginFrame:376 - thanhbutvừa đăng nhập vào hệ thống
2023-12-01 10:42:18 INFO  LoginFrame:376 - thanhbutvừa đăng nhập vào hệ thống
2023-12-01 10:46:53 INFO  LoginFrame:376 - thanhbutvừa đăng nhập vào hệ thống
2023-12-01 10:48:57 INFO  LoginFrame:376 - thanhbutvừa đăng nhập vào hệ thống
2023-12-01 10:50:19 INFO  LoginFrame:376 - thanhbutvừa đăng nhập vào hệ thống
2023-12-01 10:52:21 INFO  LoginFrame:376 - thanhbutvừa đăng nhập vào hệ thống
2023-12-01 10:59:43 INFO  LoginFrame:376 - thanhbutvừa đăng nhập vào hệ thống
2023-12-01 11:00:20 INFO  LoginFrame:376 - thanhbutvừa đăng nhập vào hệ thống
2023-12-01 11:01:33 INFO  LoginFrame:376 - thanhbutvừa đăng nhập vào hệ thống
2023-12-01 11:04:23 INFO  LoginFrame:376 - thanhbutvừa đăng nhập vào hệ thống
2023-12-01 11:09:00 INFO  LoginFrame:376 - thanhbutvừa đăng nhập vào hệ thống
2023-12-01 11:09:54 INFO  LoginFrame:376 - hoainamvừa đăng nhập vào hệ thống
2023-12-01 11:12:53 INFO  LoginFrame:376 - thanhbutvừa đăng nhập vào hệ thống
2023-12-04 08:29:01 INFO  LoginFrame:376 - taikhoan3vừa đăng nhập vào hệ thống
2023-12-04 08:30:27 INFO  LoginFrame:376 - taikhoan3vừa đăng nhập vào hệ thống
2023-12-04 08:33:18 INFO  LoginFrame:376 - taikhoan3vừa đăng nhập vào hệ thống
2023-12-04 08:39:28 INFO  LoginFrame:376 - taikhoan3vừa đăng nhập vào hệ thống
2023-12-04 09:21:47 INFO  LoginFrame:376 - taikhoan3vừa đăng nhập vào hệ thống
2023-12-04 09:24:25 INFO  LoginFrame:376 - taikhoan3vừa đăng nhập vào hệ thống
2023-12-04 09:31:04 INFO  LoginFrame:376 - taikhoan3vừa đăng nhập vào hệ thống
2023-12-04 09:32:58 INFO  LoginFrame:376 - taikhoan3vừa đăng nhập vào hệ thống
2023-12-04 09:34:03 INFO  LoginFrame:376 - taikhoan3vừa đăng nhập vào hệ thống
2023-12-04 09:34:55 INFO  LoginFrame:376 - taikhoan3vừa đăng nhập vào hệ thống
2023-12-04 09:35:54 INFO  LoginFrame:376 - taikhoan3vừa đăng nhập vào hệ thống
2023-12-04 09:36:47 INFO  LoginFrame:376 - taikhoan3vừa đăng nhập vào hệ thống
2023-12-04 09:39:13 INFO  LoginFrame:376 - taikhoan3vừa đăng nhập vào hệ thống
2023-12-04 09:47:47 INFO  LoginFrame:376 - taikhoan3vừa đăng nhập vào hệ thống
2023-12-04 09:52:58 INFO  LoginFrame:376 - taikhoan3vừa đăng nhập vào hệ thống
2023-12-04 09:54:15 INFO  LoginFrame:376 - taikhoan3vừa đăng nhập vào hệ thống
2023-12-04 10:06:46 INFO  LoginFrame:376 - taikhoan3vừa đăng nhập vào hệ thống
2023-12-04 10:11:14 INFO  LoginFrame:376 - taikhoan3vừa đăng nhập vào hệ thống
2023-12-04 10:13:31 INFO  LoginFrame:376 - taikhoan3vừa đăng nhập vào hệ thống
2023-12-04 10:32:38 INFO  LoginFrame:376 - taikhoan3vừa đăng nhập vào hệ thống
2023-12-04 10:43:20 INFO  LoginFrame:376 - taikhoan3vừa đăng nhập vào hệ thống
2023-12-04 11:05:11 INFO  LoginFrame:376 - taikhoan3vừa đăng nhập vào hệ thống
2023-12-04 11:09:33 INFO  LoginFrame:376 - taikhoan3vừa đăng nhập vào hệ thống
2023-12-04 12:08:14 INFO  LoginFrame:376 - taikhoan3vừa đăng nhập vào hệ thống
2023-12-04 12:13:31 INFO  LoginFrame:376 - taikhoan3vừa đăng nhập vào hệ thống
2023-12-04 12:17:39 INFO  LoginFrame:376 - taikhoan3vừa đăng nhập vào hệ thống
2023-12-04 12:18:07 INFO  LoginFrame:376 - taikhoan3vừa đăng nhập vào hệ thống
2023-12-04 12:23:38 INFO  LoginFrame:376 - taikhoan3vừa đăng nhập vào hệ thống
2023-12-04 12:25:33 INFO  LoginFrame:376 - taikhoan3vừa đăng nhập vào hệ thống
2023-12-04 12:30:31 INFO  LoginFrame:376 - taikhoan3vừa đăng nhập vào hệ thống
2023-12-04 12:40:00 INFO  LoginFrame:376 - taikhoan3vừa đăng nhập vào hệ thống
2023-12-04 12:43:40 INFO  LoginFrame:376 - taikhoan3vừa đăng nhập vào hệ thống
2023-12-05 09:40:59 INFO  LoginFrame:376 - taikhoan3vừa đăng nhập vào hệ thống
2023-12-05 09:51:11 INFO  LoginFrame:376 - taikhoan3vừa đăng nhập vào hệ thống
2023-12-05 09:53:20 INFO  LoginFrame:376 - taikhoan3vừa đăng nhập vào hệ thống
2023-12-05 09:56:28 INFO  LoginFrame:437 - taikhoan3vừa đăng nhập vào hệ thống
2023-12-05 09:56:57 INFO  LoginFrame:437 - taikhoan1vừa đăng nhập vào hệ thống
2023-12-05 10:00:53 INFO  LoginFrame:437 - NV11vừa đăng nhập vào hệ thống
2023-12-05 10:03:43 INFO  LoginFrame:437 - NV11vừa đăng nhập vào hệ thống
2023-12-05 10:05:19 INFO  LoginFrame:437 - nv11vừa đăng nhập vào hệ thống
2023-12-05 10:14:13 INFO  LoginFrame:437 - nv11vừa đăng nhập vào hệ thống
2023-12-05 10:14:42 INFO  LoginFrame:437 - taikhoan1vừa đăng nhập vào hệ thống
2023-12-06 01:20:34 INFO  LoginFrame:438 - taikhoan3vừa đăng nhập vào hệ thống
2023-12-06 01:29:55 INFO  LoginFrame:438 - taikhoan3vừa đăng nhập vào hệ thống
2023-12-06 02:11:30 INFO  LoginFrame:438 - taikhoan3vừa đăng nhập vào hệ thống
2023-12-06 08:04:38 INFO  LoginFrame:438 - taikhoan3vừa đăng nhập vào hệ thống
2023-12-06 08:06:00 INFO  LoginFrame:438 - taikhoan3vừa đăng nhập vào hệ thống
2023-12-06 08:07:52 INFO  LoginFrame:438 - taikhoan3vừa đăng nhập vào hệ thống
2023-12-06 08:31:59 INFO  LoginFrame:438 - taikhoan3vừa đăng nhập vào hệ thống
2023-12-06 08:34:36 INFO  LoginFrame:438 - taikhoan3vừa đăng nhập vào hệ thống
2023-12-06 08:38:56 INFO  LoginFrame:438 - taikhoan3vừa đăng nhập vào hệ thống
2023-12-06 09:23:05 INFO  LoginFrame:438 - taikhoan3vừa đăng nhập vào hệ thống
2023-12-06 09:33:54 INFO  LoginFrame:438 - taikhoan3vừa đăng nhập vào hệ thống
2023-12-06 09:35:05 INFO  LoginFrame:438 - taikhoan3vừa đăng nhập vào hệ thống
2023-12-06 09:36:43 INFO  LoginFrame:438 - taikhoan3vừa đăng nhập vào hệ thống
2023-12-06 09:42:00 INFO  LoginFrame:438 - taikhoan3vừa đăng nhập vào hệ thống
2023-12-08 11:06:39 INFO  LoginFrame:438 - hoainamvừa đăng nhập vào hệ thống
2023-12-08 11:08:18 INFO  LoginFrame:438 - thanhbutvừa đăng nhập vào hệ thống
2023-12-08 11:08:45 INFO  LoginFrame:438 - hoainamvừa đăng nhập vào hệ thống
2023-12-08 11:11:06 INFO  LoginFrame:438 - thanhbutvừa đăng nhập vào hệ thống
2023-12-08 11:37:26 INFO  LoginFrame:438 - thanhbutvừa đăng nhập vào hệ thống
2023-12-08 11:52:10 INFO  LoginFrame:438 - thanhbutvừa đăng nhập vào hệ thống
2023-12-08 12:13:24 INFO  LoginFrame:438 - thanhbutvừa đăng nhập vào hệ thống
2023-12-08 12:15:01 INFO  LoginFrame:438 - thanhbutvừa đăng nhập vào hệ thống
2023-12-08 12:17:04 INFO  LoginFrame:438 - thanhbutvừa đăng nhập vào hệ thống
2023-12-08 12:30:23 INFO  LoginFrame:438 - thanhbutvừa đăng nhập vào hệ thống
2023-12-08 12:34:16 INFO  LoginFrame:438 - thanhbutvừa đăng nhập vào hệ thống
2023-12-08 12:36:01 INFO  LoginFrame:438 - thanhbutvừa đăng nhập vào hệ thống
2023-12-08 14:45:02 INFO  LoginFrame:438 - taikhoan3vừa đăng nhập vào hệ thống
2023-12-08 15:05:52 INFO  LoginFrame:438 - taikhoan3vừa đăng nhập vào hệ thống
2023-12-08 18:32:33 INFO  LoginFrame:438 - taikhoan3vừa đăng nhập vào hệ thống
2023-12-08 18:48:19 INFO  LoginFrame:438 - taikhoan3vừa đăng nhập vào hệ thống
2023-12-08 19:03:24 INFO  LoginFrame:438 - taikhoan3vừa đăng nhập vào hệ thống
2023-12-08 19:05:10 INFO  LoginFrame:438 - taikhoan3vừa đăng nhập vào hệ thống
2023-12-08 19:06:57 INFO  LoginFrame:438 - taikhoan3vừa đăng nhập vào hệ thống
2023-12-08 19:14:53 INFO  LoginFrame:438 - taikhoan3vừa đăng nhập vào hệ thống
2023-12-08 19:19:37 INFO  LoginFrame:438 - taikhoan3vừa đăng nhập vào hệ thống
2023-12-08 19:21:48 INFO  LoginFrame:438 - taikhoan3vừa đăng nhập vào hệ thống
2023-12-08 19:22:22 INFO  LoginFrame:438 - taikhoan3vừa đăng nhập vào hệ thống
2023-12-08 19:23:24 INFO  LoginFrame:438 - taikhoan3vừa đăng nhập vào hệ thống
2023-12-08 19:33:21 INFO  LoginFrame:438 - taikhoan3vừa đăng nhập vào hệ thống
2023-12-08 19:34:23 INFO  LoginFrame:438 - taikhoan3vừa đăng nhập vào hệ thống
2023-12-08 19:34:54 INFO  LoginFrame:438 - taikhoan3vừa đăng nhập vào hệ thống
